#
# A fatal error has been detected by the Java Runtime Environment:
#
#  EXCEPTION_ACCESS_VIOLATION (0xc0000005) at pc=0x00007ffc13524f43, pid=22288, tid=0x0000000000004ee4
#
# JRE version: Java(TM) SE Runtime Environment (8.0_202-b08) (build 1.8.0_202-b08)
# Java VM: Java HotSpot(TM) 64-Bit Server VM (25.202-b08 mixed mode windows-amd64 compressed oops)
# Problematic frame:
# C  [awt.dll+0x14f43]
#
# Failed to write core dump. Minidumps are not enabled by default on client versions of Windows
#
# If you would like to submit a bug report, please visit:
#   http://bugreport.java.com/bugreport/crash.jsp
# The crash happened outside the Java Virtual Machine in native code.
# See problematic frame for where to report the bug.
#

---------------  T H R E A D  ---------------

Current thread (0x000000002c870000):  JavaThread "AWT-Windows" daemon [_thread_in_native, id=20196, stack(0x000000002ce70000,0x000000002cf70000)]

siginfo: ExceptionCode=0xc0000005, reading address 0x0000000028e7c0e0

Registers:
RAX=0x0000000028e2afe0, RBX=0x000000000000a220, RCX=0x0000000029059398, RDX=0x000000000000a220
RSP=0x000000002cf6e8a0, RBP=0x000000002cf6e999, RSI=0x0000000000000111, RDI=0x0000000029059390
R8 =0x0000000000000000, R9 =0x0000000000000000, R10=0x00007ffc13618e08, R11=0x0000000000000001
R12=0x000000002fb1b550, R13=0x000000000000010d, R14=0x000000000000a220, R15=0x0000000000000000
RIP=0x00007ffc13524f43, EFLAGS=0x0000000000010202

Top of Stack: (sp=0x000000002cf6e8a0)
0x000000002cf6e8a0:   0000000200000002 0000000000000000
0x000000002cf6e8b0:   000000002c870000 000000006e53eb9f
0x000000002cf6e8c0:   fffffffffffffffe 00000000007c0fc8
0x000000002cf6e8d0:   000000002c8701f8 00007ffc135a1ff2
0x000000002cf6e8e0:   0000000000000000 0000000000000000
0x000000002cf6e8f0:   0000000000000001 0000000000000001
0x000000002cf6e900:   000000002fb1b5f0 00007ffc135a4516
0x000000002cf6e910:   000000002fb1b5f0 0000000000000111
0x000000002cf6e920:   000000002cf6ea80 000000006e645210
0x000000002cf6e930:   0000000000000001 0000000000000000
0x000000002cf6e940:   0000601100000001 0000000000000000
0x000000002cf6e950:   0000000000000000 000000006e645210
0x000000002cf6e960:   0000000000000001 0000000000000000
0x000000002cf6e970:   0000000000000000 000000002c8701f8
0x000000002cf6e980:   fffffffffffffffe 000000002fb1b5f0
0x000000002cf6e990:   00002cedd51d9fd2 00007ffc500873a9 

Instructions: (pc=0x00007ffc13524f43)
0x00007ffc13524f23:   83 ec 30 48 c7 44 24 20 fe ff ff ff 48 89 5c 24
0x00007ffc13524f33:   40 8b da 48 8b f9 48 8b 01 ff 10 90 48 8b 47 30
0x00007ffc13524f43:   81 3c d8 00 80 00 00 77 04 33 db eb 04 48 8b 1c
0x00007ffc13524f53:   d8 48 8b 17 48 8b cf ff 52 10 48 8b c3 48 8b 5c 


Register to memory mapping:

RAX=0x0000000028e2afe0 is an unknown value
RBX=0x000000000000a220 is an unknown value
RCX=0x0000000029059398 is an unknown value
RDX=0x000000000000a220 is an unknown value
RSP=0x000000002cf6e8a0 is pointing into the stack for thread: 0x000000002c870000
RBP=0x000000002cf6e999 is pointing into the stack for thread: 0x000000002c870000
RSI=0x0000000000000111 is an unknown value
RDI=0x0000000029059390 is an unknown value
R8 =0x0000000000000000 is an unknown value
R9 =0x0000000000000000 is an unknown value
R10=0x00007ffc13618e08 is an unknown value
R11=0x0000000000000001 is an unknown value
R12=0x000000002fb1b550 is an unknown value
R13=0x000000000000010d is an unknown value
R14=0x000000000000a220 is an unknown value
R15=0x0000000000000000 is an unknown value


Stack: [0x000000002ce70000,0x000000002cf70000],  sp=0x000000002cf6e8a0,  free space=1018k
Native frames: (J=compiled Java code, j=interpreted, Vv=VM code, C=native code)
C  [awt.dll+0x14f43]
C  [awt.dll+0x91ff2]
C  [awt.dll+0x94516]
C  [awt.dll+0xd48cd]
C  [awt.dll+0xa7f7f]
C  [awt.dll+0x909d2]
C  [USER32.dll+0x174d6]
C  [USER32.dll+0x16dbb]
C  [awt.dll+0x15150]
C  [COMCTL32.dll+0x5b0da]
C  [COMCTL32.dll+0x5aef2]
C  [USER32.dll+0x174d6]
C  [USER32.dll+0x16ff2]
C  [awt.dll+0xcd32c]
C  [awt.dll+0xcd5db]
C  0x0000000003518c67

Java frames: (J=compiled Java code, j=interpreted, Vv=VM code)
j  sun.awt.windows.WToolkit.eventLoop()V+0
j  sun.awt.windows.WToolkit.run()V+58
j  java.lang.Thread.run()V+11
v  ~StubRoutines::call_stub

---------------  P R O C E S S  ---------------

Java Threads: ( => current thread )
  0x000000002f631800 JavaThread "TimerQueue" daemon [_thread_blocked, id=3572, stack(0x0000000031210000,0x0000000031310000)]
  0x000000002f2dd000 JavaThread "Image Fetcher 0" daemon [_thread_blocked, id=18120, stack(0x0000000031110000,0x0000000031210000)]
  0x000000002f354800 JavaThread "MultiThreadedHttpConnectionManager cleanup" daemon [_thread_blocked, id=24164, stack(0x0000000030370000,0x0000000030470000)]
  0x0000000003402800 JavaThread "DestroyJavaVM" [_thread_blocked, id=21752, stack(0x0000000003300000,0x0000000003400000)]
  0x000000002c883800 JavaThread "AWT-EventQueue-0" [_thread_blocked, id=24008, stack(0x000000002d110000,0x000000002d210000)]
=>0x000000002c870000 JavaThread "AWT-Windows" daemon [_thread_in_native, id=20196, stack(0x000000002ce70000,0x000000002cf70000)]
  0x000000002c86f800 JavaThread "AWT-Shutdown" [_thread_blocked, id=22168, stack(0x000000002cd70000,0x000000002ce70000)]
  0x000000002c86e800 JavaThread "Java2D Disposer" daemon [_thread_blocked, id=20464, stack(0x000000002cc70000,0x000000002cd70000)]
  0x0000000028f31800 JavaThread "Service Thread" daemon [_thread_blocked, id=15472, stack(0x000000002c1c0000,0x000000002c2c0000)]
  0x0000000028ecf000 JavaThread "C1 CompilerThread11" daemon [_thread_blocked, id=23560, stack(0x000000002c0c0000,0x000000002c1c0000)]
  0x0000000028ed3000 JavaThread "C1 CompilerThread10" daemon [_thread_blocked, id=6888, stack(0x000000002bfc0000,0x000000002c0c0000)]
  0x0000000028eaa000 JavaThread "C1 CompilerThread9" daemon [_thread_blocked, id=9052, stack(0x000000002bec0000,0x000000002bfc0000)]
  0x0000000028e71800 JavaThread "C1 CompilerThread8" daemon [_thread_blocked, id=16276, stack(0x000000002bdc0000,0x000000002bec0000)]
  0x0000000028e66800 JavaThread "C2 CompilerThread7" daemon [_thread_blocked, id=18676, stack(0x000000002bcc0000,0x000000002bdc0000)]
  0x0000000028e66000 JavaThread "C2 CompilerThread6" daemon [_thread_blocked, id=3776, stack(0x000000002bbc0000,0x000000002bcc0000)]
  0x0000000028e5a000 JavaThread "C2 CompilerThread5" daemon [_thread_blocked, id=16700, stack(0x000000002b9c0000,0x000000002bac0000)]
  0x0000000028e59000 JavaThread "C2 CompilerThread4" daemon [_thread_blocked, id=7556, stack(0x000000002b8c0000,0x000000002b9c0000)]
  0x0000000028e58800 JavaThread "C2 CompilerThread3" daemon [_thread_blocked, id=14780, stack(0x000000002b7c0000,0x000000002b8c0000)]
  0x0000000028e54800 JavaThread "C2 CompilerThread2" daemon [_thread_blocked, id=20720, stack(0x000000002b6c0000,0x000000002b7c0000)]
  0x0000000028e50000 JavaThread "C2 CompilerThread1" daemon [_thread_blocked, id=23636, stack(0x000000002b5c0000,0x000000002b6c0000)]
  0x0000000028e4e000 JavaThread "C2 CompilerThread0" daemon [_thread_blocked, id=19964, stack(0x000000002b4c0000,0x000000002b5c0000)]
  0x0000000028df9800 JavaThread "Attach Listener" daemon [_thread_blocked, id=6392, stack(0x000000002b3c0000,0x000000002b4c0000)]
  0x0000000026e95800 JavaThread "Signal Dispatcher" daemon [_thread_blocked, id=16812, stack(0x000000002b2c0000,0x000000002b3c0000)]
  0x0000000026e86800 JavaThread "Finalizer" daemon [_thread_blocked, id=22924, stack(0x000000002b160000,0x000000002b260000)]
  0x0000000026e85800 JavaThread "Reference Handler" daemon [_thread_blocked, id=10724, stack(0x000000002b060000,0x000000002b160000)]

Other Threads:
  0x0000000026e80800 VMThread [stack: 0x000000002af60000,0x000000002b060000] [id=12840]
  0x0000000028f84000 WatcherThread [stack: 0x000000002c2c0000,0x000000002c3c0000] [id=11248]

VM state:not at safepoint (normal execution)

VM Mutex/Monitor currently owned by a thread: None

heap address: 0x00000005c2800000, size: 8152 MB, Compressed Oops mode: Zero based, Oop shift amount: 3
Narrow klass base: 0x0000000000000000, Narrow klass shift: 3
Compressed class space size: 1073741824 Address: 0x00000007c0000000

Heap:
 PSYoungGen      total 152576K, used 12629K [0x0000000716300000, 0x0000000720d00000, 0x00000007c0000000)
  eden space 131072K, 9% used [0x0000000716300000,0x0000000716f55790,0x000000071e300000)
  from space 21504K, 0% used [0x000000071f800000,0x000000071f800000,0x0000000720d00000)
  to   space 21504K, 0% used [0x000000071e300000,0x000000071e300000,0x000000071f800000)
 ParOldGen       total 222208K, used 8040K [0x00000005c2800000, 0x00000005d0100000, 0x0000000716300000)
  object space 222208K, 3% used [0x00000005c2800000,0x00000005c2fda3c0,0x00000005d0100000)
 Metaspace       used 23252K, capacity 23606K, committed 23984K, reserved 1071104K
  class space    used 2783K, capacity 2885K, committed 2992K, reserved 1048576K

Card table byte_map: [0x00000000128c0000,0x00000000138b0000] byte_map_base: 0x000000000faac000

Marking Bits: (ParMarkBitMap*) 0x000000006ec25ce0
 Begin Bits: [0x0000000015550000, 0x000000001d4b0000)
 End Bits:   [0x000000001d4b0000, 0x0000000025410000)

Polling page: 0x0000000001280000

CodeCache: size=245760Kb used=8886Kb max_used=8886Kb free=236873Kb
 bounds [0x0000000003500000, 0x0000000003dc0000, 0x0000000012500000]
 total_blobs=2893 nmethods=2317 adapters=485
 compilation: enabled

Compilation events (10 events):
Event: 8.432 Thread 0x0000000028ecf000 nmethod 2280 0x0000000003d9c910 code [0x0000000003d9ca80, 0x0000000003d9cc90]
Event: 8.433 Thread 0x0000000028e71800 nmethod 2281 0x0000000003d9cd90 code [0x0000000003d9cf00, 0x0000000003d9d0b0]
Event: 8.433 Thread 0x0000000028e71800 2283       3       sun.java2d.SunGraphics2D::setDevClip (45 bytes)
Event: 8.433 Thread 0x0000000028ed3000 nmethod 2282 0x0000000003d9d190 code [0x0000000003d9d300, 0x0000000003d9d528]
Event: 8.433 Thread 0x0000000028ed3000 2284       3       sun.java2d.pipe.Region::getInstanceXYWH (16 bytes)
Event: 8.433 Thread 0x0000000028ecf000 2285       3       java.awt.Window::isOpaque (29 bytes)
Event: 8.433 Thread 0x0000000028ed3000 nmethod 2284 0x0000000003d9d5d0 code [0x0000000003d9d760, 0x0000000003d9dbf0]
Event: 8.433 Thread 0x0000000028eaa000 nmethod 2279 0x0000000003d9de10 code [0x0000000003d9dfe0, 0x0000000003d9ea38]
Event: 8.433 Thread 0x0000000028e71800 nmethod 2283 0x0000000003d9ed90 code [0x0000000003d9ef60, 0x0000000003d9f918]
Event: 8.433 Thread 0x0000000028ecf000 nmethod 2285 0x0000000003d9fd90 code [0x0000000003d9ff20, 0x0000000003da0548]

GC Heap History (6 events):
Event: 0.904 GC heap before
{Heap before GC invocations=1 (full 0):
 PSYoungGen      total 152576K, used 131072K [0x0000000716300000, 0x0000000720d00000, 0x00000007c0000000)
  eden space 131072K, 100% used [0x0000000716300000,0x000000071e300000,0x000000071e300000)
  from space 21504K, 0% used [0x000000071f800000,0x000000071f800000,0x0000000720d00000)
  to   space 21504K, 0% used [0x000000071e300000,0x000000071e300000,0x000000071f800000)
 ParOldGen       total 348160K, used 0K [0x00000005c2800000, 0x00000005d7c00000, 0x0000000716300000)
  object space 348160K, 0% used [0x00000005c2800000,0x00000005c2800000,0x00000005d7c00000)
 Metaspace       used 11900K, capacity 12070K, committed 12288K, reserved 1060864K
  class space    used 1386K, capacity 1466K, committed 1536K, reserved 1048576K
Event: 0.912 GC heap after
Heap after GC invocations=1 (full 0):
 PSYoungGen      total 152576K, used 5629K [0x0000000716300000, 0x0000000720d00000, 0x00000007c0000000)
  eden space 131072K, 0% used [0x0000000716300000,0x0000000716300000,0x000000071e300000)
  from space 21504K, 26% used [0x000000071e300000,0x000000071e87f7f0,0x000000071f800000)
  to   space 21504K, 0% used [0x000000071f800000,0x000000071f800000,0x0000000720d00000)
 ParOldGen       total 348160K, used 8K [0x00000005c2800000, 0x00000005d7c00000, 0x0000000716300000)
  object space 348160K, 0% used [0x00000005c2800000,0x00000005c2802000,0x00000005d7c00000)
 Metaspace       used 11900K, capacity 12070K, committed 12288K, reserved 1060864K
  class space    used 1386K, capacity 1466K, committed 1536K, reserved 1048576K
}
Event: 3.953 GC heap before
{Heap before GC invocations=2 (full 0):
 PSYoungGen      total 152576K, used 45740K [0x0000000716300000, 0x0000000720d00000, 0x00000007c0000000)
  eden space 131072K, 30% used [0x0000000716300000,0x0000000718a2b8a8,0x000000071e300000)
  from space 21504K, 26% used [0x000000071e300000,0x000000071e87f7f0,0x000000071f800000)
  to   space 21504K, 0% used [0x000000071f800000,0x000000071f800000,0x0000000720d00000)
 ParOldGen       total 348160K, used 8K [0x00000005c2800000, 0x00000005d7c00000, 0x0000000716300000)
  object space 348160K, 0% used [0x00000005c2800000,0x00000005c2802000,0x00000005d7c00000)
 Metaspace       used 20828K, capacity 21100K, committed 21296K, reserved 1069056K
  class space    used 2451K, capacity 2564K, committed 2608K, reserved 1048576K
Event: 3.964 GC heap after
Heap after GC invocations=2 (full 0):
 PSYoungGen      total 152576K, used 8688K [0x0000000716300000, 0x0000000720d00000, 0x00000007c0000000)
  eden space 131072K, 0% used [0x0000000716300000,0x0000000716300000,0x000000071e300000)
  from space 21504K, 40% used [0x000000071f800000,0x000000072007c170,0x0000000720d00000)
  to   space 21504K, 0% used [0x000000071e300000,0x000000071e300000,0x000000071f800000)
 ParOldGen       total 348160K, used 51K [0x00000005c2800000, 0x00000005d7c00000, 0x0000000716300000)
  object space 348160K, 0% used [0x00000005c2800000,0x00000005c280cc50,0x00000005d7c00000)
 Metaspace       used 20828K, capacity 21100K, committed 21296K, reserved 1069056K
  class space    used 2451K, capacity 2564K, committed 2608K, reserved 1048576K
}
Event: 3.964 GC heap before
{Heap before GC invocations=3 (full 1):
 PSYoungGen      total 152576K, used 8688K [0x0000000716300000, 0x0000000720d00000, 0x00000007c0000000)
  eden space 131072K, 0% used [0x0000000716300000,0x0000000716300000,0x000000071e300000)
  from space 21504K, 40% used [0x000000071f800000,0x000000072007c170,0x0000000720d00000)
  to   space 21504K, 0% used [0x000000071e300000,0x000000071e300000,0x000000071f800000)
 ParOldGen       total 348160K, used 51K [0x00000005c2800000, 0x00000005d7c00000, 0x0000000716300000)
  object space 348160K, 0% used [0x00000005c2800000,0x00000005c280cc50,0x00000005d7c00000)
 Metaspace       used 20828K, capacity 21100K, committed 21296K, reserved 1069056K
  class space    used 2451K, capacity 2564K, committed 2608K, reserved 1048576K
Event: 4.005 GC heap after
Heap after GC invocations=3 (full 1):
 PSYoungGen      total 152576K, used 0K [0x0000000716300000, 0x0000000720d00000, 0x00000007c0000000)
  eden space 131072K, 0% used [0x0000000716300000,0x0000000716300000,0x000000071e300000)
  from space 21504K, 0% used [0x000000071f800000,0x000000071f800000,0x0000000720d00000)
  to   space 21504K, 0% used [0x000000071e300000,0x000000071e300000,0x000000071f800000)
 ParOldGen       total 222208K, used 8040K [0x00000005c2800000, 0x00000005d0100000, 0x0000000716300000)
  object space 222208K, 3% used [0x00000005c2800000,0x00000005c2fda3c0,0x00000005d0100000)
 Metaspace       used 20828K, capacity 21100K, committed 21296K, reserved 1069056K
  class space    used 2451K, capacity 2564K, committed 2608K, reserved 1048576K
}

Deoptimization events (10 events):
Event: 3.850 Thread 0x000000002c883800 Uncommon trap: reason=unstable_if action=reinterpret pc=0x0000000003be00a8 method=java.lang.String.toLowerCase(Ljava/util/Locale;)Ljava/lang/String; @ 37
Event: 4.045 Thread 0x000000002c883800 Uncommon trap: reason=unstable_if action=reinterpret pc=0x0000000003ab5af8 method=java.io.DataInputStream.readUTF(Ljava/io/DataInput;)Ljava/lang/String; @ 112
Event: 4.053 Thread 0x000000002c883800 Uncommon trap: reason=class_check action=maybe_recompile pc=0x000000000384ead0 method=java.lang.String.equals(Ljava/lang/Object;)Z @ 8
Event: 4.053 Thread 0x000000002c883800 Uncommon trap: reason=class_check action=maybe_recompile pc=0x000000000384ead0 method=java.lang.String.equals(Ljava/lang/Object;)Z @ 8
Event: 4.054 Thread 0x000000002c883800 Uncommon trap: reason=class_check action=maybe_recompile pc=0x000000000384ead0 method=java.lang.String.equals(Ljava/lang/Object;)Z @ 8
Event: 4.054 Thread 0x000000002c883800 Uncommon trap: reason=class_check action=maybe_recompile pc=0x000000000384ead0 method=java.lang.String.equals(Ljava/lang/Object;)Z @ 8
Event: 4.076 Thread 0x000000002c883800 Uncommon trap: reason=class_check action=maybe_recompile pc=0x0000000003cbbfa0 method=java.util.Hashtable.put(Ljava/lang/Object;Ljava/lang/Object;)Ljava/lang/Object; @ 60
Event: 4.076 Thread 0x000000002c883800 Uncommon trap: reason=class_check action=maybe_recompile pc=0x0000000003cbbfa0 method=java.util.Hashtable.put(Ljava/lang/Object;Ljava/lang/Object;)Ljava/lang/Object; @ 60
Event: 4.076 Thread 0x000000002c883800 Uncommon trap: reason=class_check action=maybe_recompile pc=0x0000000003cbbfa0 method=java.util.Hashtable.put(Ljava/lang/Object;Ljava/lang/Object;)Ljava/lang/Object; @ 60
Event: 4.076 Thread 0x000000002c883800 Uncommon trap: reason=class_check action=maybe_recompile pc=0x0000000003cbbfa0 method=java.util.Hashtable.put(Ljava/lang/Object;Ljava/lang/Object;)Ljava/lang/Object; @ 60

Classes redefined (0 events):
No events

Internal exceptions (10 events):
Event: 0.581 Thread 0x000000002c883800 Exception <a 'java/lang/ArrayIndexOutOfBoundsException': 76> (0x000000071cf656f0) thrown at [C:\re\workspace\8-2-build-windows-amd64-cygwin\jdk8u202\12323\hotspot\src\share\vm\interpreter\interpreterRuntime.cpp, line 368]
Event: 0.655 Thread 0x000000002c883800 Exception <a 'java/lang/NoClassDefFoundError': org/apache/log4j/Category> (0x000000071d318ca0) thrown at [C:\re\workspace\8-2-build-windows-amd64-cygwin\jdk8u202\12323\hotspot\src\share\vm\classfile\systemDictionary.cpp, line 199]
Event: 0.914 Thread 0x000000002c883800 Exception <a 'java/lang/ClassNotFoundException': com/sun/org/glassfish/hk2/osgiresourcelocator/ServiceLoader> (0x000000071633d008) thrown at [C:\re\workspace\8-2-build-windows-amd64-cygwin\jdk8u202\12323\hotspot\src\share\vm\classfile\systemDictionary.cpp
Event: 1.278 Thread 0x000000002c883800 Exception <a 'java/lang/ClassNotFoundException': com/sun/org/glassfish/hk2/osgiresourcelocator/ServiceLoader> (0x0000000717233278) thrown at [C:\re\workspace\8-2-build-windows-amd64-cygwin\jdk8u202\12323\hotspot\src\share\vm\classfile\systemDictionary.cpp
Event: 3.381 Thread 0x000000002c883800 Exception <a 'java/io/FileNotFoundException'> (0x0000000717b6da08) thrown at [C:\re\workspace\8-2-build-windows-amd64-cygwin\jdk8u202\12323\hotspot\src\share\vm\prims\jni.cpp, line 710]
Event: 3.421 Thread 0x000000002c883800 Implicit null exception at 0x00000000038b5d56 to 0x00000000038b6101
Event: 3.422 Thread 0x000000002c883800 Implicit null exception at 0x00000000038a3956 to 0x00000000038a3cf9
Event: 3.443 Thread 0x000000002c883800 Exception <a 'java/io/FileNotFoundException'> (0x0000000717c471e0) thrown at [C:\re\workspace\8-2-build-windows-amd64-cygwin\jdk8u202\12323\hotspot\src\share\vm\prims\jni.cpp, line 710]
Event: 3.481 Thread 0x000000002c883800 Exception <a 'java/io/FileNotFoundException'> (0x0000000717e02908) thrown at [C:\re\workspace\8-2-build-windows-amd64-cygwin\jdk8u202\12323\hotspot\src\share\vm\prims\jni.cpp, line 710]
Event: 3.481 Thread 0x000000002c883800 Exception <a 'java/lang/NullPointerException'> (0x0000000717e02f40) thrown at [C:\re\workspace\8-2-build-windows-amd64-cygwin\jdk8u202\12323\hotspot\src\share\vm\interpreter\linkResolver.cpp, line 1185]

Events (10 events):
Event: 4.307 loading class java/util/WeakHashMap$KeyIterator
Event: 4.307 loading class java/util/WeakHashMap$HashIterator
Event: 4.308 loading class java/util/WeakHashMap$HashIterator done
Event: 4.308 loading class java/util/WeakHashMap$KeyIterator done
Event: 4.308 loading class java/util/EnumMap$KeySet
Event: 4.308 loading class java/util/EnumMap$KeySet done
Event: 4.308 loading class java/util/EnumMap$KeyIterator
Event: 4.308 loading class java/util/EnumMap$EnumMapIterator
Event: 4.308 loading class java/util/EnumMap$EnumMapIterator done
Event: 4.308 loading class java/util/EnumMap$KeyIterator done


Dynamic libraries:
0x00007ff71fcc0000 - 0x00007ff71fcf7000 	C:\Program Files\MATLAB\R2019b\sys\java\jre\win64\jre\bin\java.exe
0x00007ffc523c0000 - 0x00007ffc525ad000 	C:\Windows\SYSTEM32\ntdll.dll
0x00007ffc1da60000 - 0x00007ffc1da75000 	C:\Program Files\AVAST Software\Avast\aswhook.dll
0x00007ffc522d0000 - 0x00007ffc52383000 	C:\Windows\System32\KERNEL32.DLL
0x00007ffc4e770000 - 0x00007ffc4ea03000 	C:\Windows\System32\KERNELBASE.dll
0x00007ffc51b50000 - 0x00007ffc51bf3000 	C:\Windows\System32\ADVAPI32.dll
0x00007ffc51c00000 - 0x00007ffc51c9e000 	C:\Windows\System32\msvcrt.dll
0x00007ffc52080000 - 0x00007ffc5211e000 	C:\Windows\System32\sechost.dll
0x00007ffc51f50000 - 0x00007ffc52072000 	C:\Windows\System32\RPCRT4.dll
0x00007ffc50070000 - 0x00007ffc50207000 	C:\Windows\System32\USER32.dll
0x00007ffc4e750000 - 0x00007ffc4e770000 	C:\Windows\System32\win32u.dll
0x00007ffc504b0000 - 0x00007ffc504d9000 	C:\Windows\System32\GDI32.dll
0x00007ffc4eb10000 - 0x00007ffc4eca9000 	C:\Windows\System32\gdi32full.dll
0x00007ffc4e5b0000 - 0x00007ffc4e650000 	C:\Windows\System32\msvcp_win.dll
0x00007ffc4e650000 - 0x00007ffc4e74a000 	C:\Windows\System32\ucrtbase.dll
0x00007ffc3de50000 - 0x00007ffc3e0c9000 	C:\Windows\WinSxS\amd64_microsoft.windows.common-controls_6595b64144ccf1df_6.0.17763.1098_none_de762ed45346ee8a\COMCTL32.dll
0x00007ffc4f5e0000 - 0x00007ffc4f90c000 	C:\Windows\System32\combase.dll
0x00007ffc4e530000 - 0x00007ffc4e5ae000 	C:\Windows\System32\bcryptPrimitives.dll
0x00007ffc50210000 - 0x00007ffc5023e000 	C:\Windows\System32\IMM32.DLL
0x000000006e320000 - 0x000000006e3f2000 	C:\Program Files\MATLAB\R2019b\sys\java\jre\win64\jre\bin\msvcr100.dll
0x000000006e400000 - 0x000000006eca5000 	C:\Program Files\MATLAB\R2019b\sys\java\jre\win64\jre\bin\server\jvm.dll
0x00007ffc50060000 - 0x00007ffc50068000 	C:\Windows\System32\PSAPI.DLL
0x00007ffc12140000 - 0x00007ffc12149000 	C:\Windows\SYSTEM32\WSOCK32.dll
0x00007ffc50240000 - 0x00007ffc502ad000 	C:\Windows\System32\WS2_32.dll
0x00007ffc4a9e0000 - 0x00007ffc4aa04000 	C:\Windows\SYSTEM32\WINMM.dll
0x00007ffc47720000 - 0x00007ffc4772a000 	C:\Windows\SYSTEM32\VERSION.dll
0x00007ffc4a990000 - 0x00007ffc4a9bd000 	C:\Windows\SYSTEM32\WINMMBASE.dll
0x00007ffc4ea70000 - 0x00007ffc4eaba000 	C:\Windows\System32\cfgmgr32.dll
0x00007ffc4a430000 - 0x00007ffc4a43f000 	C:\Program Files\MATLAB\R2019b\sys\java\jre\win64\jre\bin\verify.dll
0x00007ffc263c0000 - 0x00007ffc263e9000 	C:\Program Files\MATLAB\R2019b\sys\java\jre\win64\jre\bin\java.dll
0x00007ffc341f0000 - 0x00007ffc34206000 	C:\Program Files\MATLAB\R2019b\sys\java\jre\win64\jre\bin\zip.dll
0x00007ffc50650000 - 0x00007ffc51b44000 	C:\Windows\System32\SHELL32.dll
0x00007ffc51ea0000 - 0x00007ffc51f48000 	C:\Windows\System32\shcore.dll
0x00007ffc4ee90000 - 0x00007ffc4f5dd000 	C:\Windows\System32\windows.storage.dll
0x00007ffc4e430000 - 0x00007ffc4e454000 	C:\Windows\System32\profapi.dll
0x00007ffc4e3b0000 - 0x00007ffc4e40d000 	C:\Windows\System32\powrprof.dll
0x00007ffc50560000 - 0x00007ffc505b2000 	C:\Windows\System32\shlwapi.dll
0x00007ffc4e460000 - 0x00007ffc4e471000 	C:\Windows\System32\kernel.appcore.dll
0x00007ffc4eac0000 - 0x00007ffc4ead7000 	C:\Windows\System32\cryptsp.dll
0x00007ffc13510000 - 0x00007ffc136a9000 	C:\Program Files\MATLAB\R2019b\sys\java\jre\win64\jre\bin\awt.dll
0x00007ffc503e0000 - 0x00007ffc504a4000 	C:\Windows\System32\OLEAUT32.dll
0x00007ffc4c2f0000 - 0x00007ffc4c37c000 	C:\Windows\SYSTEM32\apphelp.dll
0x00007ffc4c420000 - 0x00007ffc4c4bc000 	C:\Windows\system32\uxtheme.dll
0x00007ffc4fef0000 - 0x00007ffc5005b000 	C:\Windows\System32\MSCTF.dll
0x00007ffc38370000 - 0x00007ffc383f7000 	C:\Program Files (x86)\TeamViewer\tv_x64.dll
0x00007ffc4f910000 - 0x00007ffc4fa65000 	C:\Windows\System32\ole32.dll
0x00007ffc4ca20000 - 0x00007ffc4ca4e000 	C:\Windows\system32\dwmapi.dll
0x00007ffc4ecb0000 - 0x00007ffc4ee8c000 	C:\Windows\System32\CRYPT32.dll
0x00007ffc4e410000 - 0x00007ffc4e422000 	C:\Windows\System32\MSASN1.dll
0x0000000180000000 - 0x0000000180009000 	C:\Program Files\MATLAB\R2019b\bin\win64\crash_analyzer_jni.dll
0x000000002d210000 - 0x000000002d271000 	C:\Program Files\MATLAB\R2019b\bin\win64\crash_analyzer.dll
0x00007ffc4bc30000 - 0x00007ffc4bc3b000 	C:\Program Files\MATLAB\R2019b\bin\win64\mwboost_system-vc141-mt-1_65_1.dll
0x00007ffc1d480000 - 0x00007ffc1d51c000 	C:\Program Files\MATLAB\R2019b\sys\java\jre\win64\jre\bin\MSVCP140.dll
0x00007ffc26440000 - 0x00007ffc26456000 	C:\Program Files\MATLAB\R2019b\sys\java\jre\win64\jre\bin\VCRUNTIME140.dll
0x00000000fff00000 - 0x00000001000f7000 	C:\Program Files\MATLAB\R2019b\bin\win64\libmwi18n.dll
0x00007ffc3c770000 - 0x00007ffc3c786000 	C:\Program Files\MATLAB\R2019b\bin\win64\mwboost_iostreams-vc141-mt-1_65_1.dll
0x00000000ffef0000 - 0x00000000ffef9000 	C:\Program Files\MATLAB\R2019b\bin\win64\libmwresource_core.dll
0x000000002d0c0000 - 0x000000002d0d9000 	C:\Program Files\MATLAB\R2019b\bin\win64\libmwcpp11compat.dll
0x00007ffc399a0000 - 0x00007ffc399c4000 	C:\Program Files\MATLAB\R2019b\bin\win64\mwboost_filesystem-vc141-mt-1_65_1.dll
0x00007ffc3c940000 - 0x00007ffc3c951000 	C:\Program Files\MATLAB\R2019b\bin\win64\mwboost_date_time-vc141-mt-1_65_1.dll
0x00007ffc3c790000 - 0x00007ffc3c7b0000 	C:\Program Files\MATLAB\R2019b\bin\win64\mwboost_thread-vc141-mt-1_65_1.dll
0x00007ffc38450000 - 0x00007ffc38479000 	C:\Program Files\MATLAB\R2019b\bin\win64\LIBEXPAT.dll
0x000000006edd0000 - 0x000000006f00c000 	C:\Program Files\MATLAB\R2019b\bin\win64\icuin61.dll
0x000000006f010000 - 0x000000006f190000 	C:\Program Files\MATLAB\R2019b\bin\win64\icuuc61.dll
0x00007ffc43b70000 - 0x00007ffc43b8b000 	C:\Windows\SYSTEM32\MPR.dll
0x000000006ed90000 - 0x000000006edaa000 	C:\Program Files\MATLAB\R2019b\bin\win64\zlib1.dll
0x00007ffc4bc00000 - 0x00007ffc4bc0c000 	C:\Program Files\MATLAB\R2019b\bin\win64\mwboost_chrono-vc141-mt-1_65_1.dll
0x000000002d2d0000 - 0x000000002ec75000 	C:\Program Files\MATLAB\R2019b\bin\win64\icudt61.dll
0x00007ffc26340000 - 0x00007ffc26364000 	C:\Program Files\MATLAB\R2019b\sys\java\jre\win64\jre\bin\sunec.dll
0x00007ffc319c0000 - 0x00007ffc319da000 	C:\Program Files\MATLAB\R2019b\sys\java\jre\win64\jre\bin\net.dll
0x00007ffc45160000 - 0x00007ffc45337000 	C:\Windows\SYSTEM32\urlmon.dll
0x00007ffc44d30000 - 0x00007ffc44fd8000 	C:\Windows\SYSTEM32\iertutil.dll
0x00007ffc4ddf0000 - 0x00007ffc4ddfc000 	C:\Windows\SYSTEM32\CRYPTBASE.DLL
0x00007ffc4dc20000 - 0x00007ffc4dc87000 	C:\Windows\system32\mswsock.dll
0x00007ffc4d940000 - 0x00007ffc4d97d000 	C:\Windows\SYSTEM32\IPHLPAPI.DLL
0x00007ffc51d80000 - 0x00007ffc51d88000 	C:\Windows\System32\NSI.dll
0x00007ffc48290000 - 0x00007ffc482a6000 	C:\Windows\SYSTEM32\dhcpcsvc6.DLL
0x00007ffc48270000 - 0x00007ffc4828c000 	C:\Windows\SYSTEM32\dhcpcsvc.DLL
0x00007ffc4d990000 - 0x00007ffc4da56000 	C:\Windows\SYSTEM32\DNSAPI.dll
0x00007ffc31130000 - 0x00007ffc31142000 	C:\Program Files\MATLAB\R2019b\sys\java\jre\win64\jre\bin\nio.dll
0x00007ffc4d540000 - 0x00007ffc4d573000 	C:\Windows\system32\rsaenh.dll
0x00007ffc4eae0000 - 0x00007ffc4eb06000 	C:\Windows\System32\bcrypt.dll
0x00007ffc4e2b0000 - 0x00007ffc4e2d8000 	C:\Windows\SYSTEM32\USERENV.dll
0x00007ffc41640000 - 0x00007ffc4164b000 	C:\Program Files\MATLAB\R2019b\sys\java\jre\win64\jre\bin\sunmscapi.dll
0x0000000070df0000 - 0x0000000070e16000 	C:\Program Files\Bonjour\mdnsNSP.dll
0x00007ffc474c0000 - 0x00007ffc474ca000 	C:\Windows\System32\rasadhlp.dll
0x00007ffc458e0000 - 0x00007ffc45959000 	C:\Windows\System32\fwpuclnt.dll
0x0000000030840000 - 0x0000000030967000 	C:\Windows\system32\opengl32.dll
0x00007ffc12300000 - 0x00007ffc1232c000 	C:\Windows\SYSTEM32\GLU32.dll
0x00007ffc1d7d0000 - 0x00007ffc1d817000 	C:\Program Files\MATLAB\R2019b\sys\java\jre\win64\jre\bin\fontmanager.dll
0x00007ffc1cec0000 - 0x00007ffc1cf02000 	C:\Program Files\MATLAB\R2019b\sys\java\jre\win64\jre\bin\t2k.dll
0x00007ffc51df0000 - 0x00007ffc51e92000 	C:\Windows\System32\clbcatq.dll
0x00007ffc47ab0000 - 0x00007ffc47c68000 	C:\Windows\SYSTEM32\WindowsCodecs.dll
0x00007ffc2ac20000 - 0x00007ffc2ac76000 	C:\Windows\system32\dataexchange.dll
0x00007ffc4b0e0000 - 0x00007ffc4b35e000 	C:\Windows\system32\d3d11.dll
0x00007ffc4b940000 - 0x00007ffc4bb03000 	C:\Windows\system32\dcomp.dll
0x00007ffc4ce80000 - 0x00007ffc4cf42000 	C:\Windows\system32\dxgi.dll
0x00007ffc4c810000 - 0x00007ffc4ca1d000 	C:\Windows\system32\twinapi.appcore.dll
0x00007ffc4ca50000 - 0x00007ffc4ca78000 	C:\Windows\system32\RMCLIENT.dll
0x00007ffc42e60000 - 0x00007ffc42ef5000 	C:\Windows\System32\TextInputFramework.dll
0x00007ffc47d70000 - 0x00007ffc48092000 	C:\Windows\System32\CoreUIComponents.dll
0x00007ffc4bfc0000 - 0x00007ffc4c0a2000 	C:\Windows\System32\CoreMessaging.dll
0x00007ffc4d270000 - 0x00007ffc4d2a1000 	C:\Windows\SYSTEM32\ntmarta.dll
0x00007ffc497b0000 - 0x00007ffc49903000 	C:\Windows\SYSTEM32\wintypes.dll
0x00007ffc32e00000 - 0x00007ffc32f4b000 	C:\Windows\system32\IME\IMETC\IMTCTIP.DLL
0x00007ffc32c40000 - 0x00007ffc32df5000 	C:\Windows\SYSTEM32\DUI70.dll
0x00007ffc49920000 - 0x00007ffc49ac9000 	C:\Windows\SYSTEM32\PROPSYS.dll
0x00007ffc48810000 - 0x00007ffc48897000 	C:\Windows\SYSTEM32\policymanager.dll
0x00007ffc49f20000 - 0x00007ffc49faa000 	C:\Windows\SYSTEM32\msvcp110_win.dll
0x00007ffc32b00000 - 0x00007ffc32c38000 	C:\Windows\System32\IME\shared\imetip.dll
0x00007ffc32a90000 - 0x00007ffc32afc000 	C:\Windows\SYSTEM32\OLEACC.dll
0x00007ffc35ac0000 - 0x00007ffc35b0e000 	C:\Windows\system32\IME\IMETC\IMTCCFG.DLL
0x00007ffc32970000 - 0x00007ffc32a89000 	C:\Windows\system32\IME\IMETC\IMTCCORE.DLL
0x00007ffc4def0000 - 0x00007ffc4df16000 	C:\Windows\SYSTEM32\ncrypt.dll
0x00007ffc4deb0000 - 0x00007ffc4deec000 	C:\Windows\SYSTEM32\NTASN1.dll
0x00007ffc32930000 - 0x00007ffc3296b000 	C:\Windows\System32\IME\shared\imecfm.dll
0x00007ffc4c660000 - 0x00007ffc4c73c000 	C:\Windows\SYSTEM32\wer.dll
0x00007ffc32770000 - 0x00007ffc32929000 	C:\Windows\System32\IME\shared\mscand20.dll
0x00007ffc47210000 - 0x00007ffc47217000 	C:\Windows\SYSTEM32\MSIMG32.dll
0x00007ffc32470000 - 0x00007ffc32504000 	C:\Windows\SYSTEM32\DUser.dll
0x00007ffc32510000 - 0x00007ffc3276b000 	C:\Windows\SYSTEM32\UIAutomationCore.DLL
0x00007ffc433b0000 - 0x00007ffc4340c000 	C:\Windows\SYSTEM32\Bcp47Langs.dll
0x00007ffc3eef0000 - 0x00007ffc3f0dd000 	C:\Windows\SYSTEM32\dbghelp.dll

VM Arguments:
jvm_args: -Djava.library.path=C:\Program Files\MATLAB\R2019b/bin/win64 
java_command: com.mathworks.fatalexit.FatalExitFrame C:\Users\arnoyu\AppData\Local\Temp\matlab_crash_dump.22004-1 -segvURL https://udc-service.mathworks.com/udc/service/v1 -mweInstall C:\Program Files\MATLAB\R2019b -logfile Java Crash Report=C:\Users\arnoyu\AppData\Local\Temp\hs_error_pid22004.log -logfile Java Log=C:\Users\arnoyu\AppData\Local\Temp\java.log.22004 -desktopOS Microsoft Windows 10 Ąř·~Ş© -desktopPlatform win64 -installationId 1730f520-86ea-4a5a-84f7-17496348f753 -machineHash 88f86a55dcaaca8786fba9dbca2131e9 -releaseFamily R2019b -sessionKey e117380e-a6f8-4768-8945-3b762d93574c -version 9.7.0.1216025 (R2019b) Update 1 -optIn
java_class_path (initial): C:\Program Files\MATLAB\R2019b\java\jar/fatalexit.jar;C:\Program Files\MATLAB\R2019b\java\jar/crash_analyzer.jar;C:\Program Files\MATLAB\R2019b\java\jar/mlwebservices.jar;C:\Program Files\MATLAB\R2019b\java\jar/net.jar;C:\Program Files\MATLAB\R2019b\java\jar/webproxy.jar;C:\Program Files\MATLAB\R2019b\java\jarext/webservices/udc_client/udc_client.jar;C:\Program Files\MATLAB\R2019b\java\jarext/webservices/urlmanager/urlmanager.jar;C:\Program Files\MATLAB\R2019b\java\jarext/webservices/ws_client_core/mw-service-client-core.jar;C:\Program Files\MATLAB\R2019b\java\jarext/commons-cli.jar;C:\Program Files\MATLAB\R2019b\java\jarext/commons-codec.jar;C:\Program Files\MATLAB\R2019b\java\jarext/commons-io.jar;C:\Program Files\MATLAB\R2019b\java\jarext/commons-lang.jar;C:\Program Files\MATLAB\R2019b\java\jarext/commons-logging.jar;C:\Program Files\MATLAB\R2019b\java\jarext/jgoodies-looks.jar;C:\Program Files\MATLAB\R2019b\java\jarext/axis2/activation.jar;C:\Program Files\MATLAB\R2019b\java\jarext/axis2/axiom-api.jar;C:\Program Files\MATLAB\R2019b\java\jarext/axis2/axiom-impl.jar;C:\Program Files\MATLAB\R2019b\java\jarext/axis2/axis2-adb.jar;C:\Program Files\MATLAB\R2019b\java\jarext/axis2/axis2-kernel.jar;C:\Program Files\MATLAB\R2019b\java\jarext/axis2/axis2-transport-http.jar;C:\Program Files\MATLAB\R2019b\java\jarext/axis2/axis2-transport-local.jar;C:\Program Files\MATLAB\R2019b\java\jarext/axis2/commons-httpclient.jar;C:\Program Files\MATLAB\R2019b\java\jarext/axis2/geronimo-stax-api.jar;C:\Program Files\MATLAB\R2019b\java\jarext/axis2/httpcore.jar;C:\Program Files\MATLAB\R2019b\java\jarext/axis2/mail.jar;C:\Program Files\MATLAB\R2019b\java\jarext/axis2/neethi.jar;C:\Program Files\MATLAB\R2019b\java\jarext/axis2/wsdl4j.jar;C:\Program Files\MATLAB\R2019b\java\jarext/axis2/wstx-asl.jar;C:\Program Files\MATLAB\R2019b\java\jarext/axis2/XmlSchema.jar;C:\Program Files\MATLAB\R2019b\java\jar/ja_JP/fatalexit_res.jar;C:\Program Files\MATLAB\R2019b\java\
Launcher Type: SUN_STANDARD

Environment Variables:
PATH=C:\Program Files\MATLAB\R2019b\bin\win64;C:\Program Files (x86)\NetSarang\Xftp 6\;C:\Program Files (x86)\NetSarang\Xshell 6\;C:\Windows\system32;C:\Windows;C:\Windows\System32\Wbem;C:\Windows\System32\WindowsPowerShell\v1.0\;C:\Windows\System32\OpenSSH\;C:\Program Files\dotnet\;C:\Program Files\Microsoft SQL Server\130\Tools\Binn\;C:\Program Files\Microsoft SQL Server\Client SDK\ODBC\170\Tools\Binn\;C:\Program Files\MATLAB\R2019b\runtime\win64;C:\Program Files\MATLAB\R2019b\bin;C:\Users\arnoyu\AppData\Local\Microsoft\WindowsApps;
USERNAME=arnoyu
OS=Windows_NT
PROCESSOR_IDENTIFIER=Intel64 Family 6 Model 63 Stepping 2, GenuineIntel



---------------  S Y S T E M  ---------------

OS: Windows 10.0 , 64 bit Build 17763 (10.0.17763.475)

CPU:total 24 (initial active 24) (12 cores per cpu, 2 threads per core) family 6 model 63 stepping 2, cmov, cx8, fxsr, mmx, sse, sse2, sse3, ssse3, sse4.1, sse4.2, popcnt, avx, avx2, aes, clmul, erms, lzcnt, ht, tsc, tscinvbit, bmi1, bmi2

Memory: 4k page, physical 33387848k(18935608k free), swap 38368584k(9946164k free)

vm_info: Java HotSpot(TM) 64-Bit Server VM (25.202-b08) for windows-amd64 JRE (1.8.0_202-b08), built on Dec 15 2018 19:54:30 by "java_re" with MS VC++ 10.0 (VS2010)

time: Sun Mar 29 20:13:47 2020
timezone: ĄxĄ_ĽĐ·Ç®É¶ˇ
elapsed time: 8 seconds (0d 0h 0m 8s)

