#
# A fatal error has been detected by the Java Runtime Environment:
#
#  EXCEPTION_ACCESS_VIOLATION (0xc0000005) at pc=0x00007ff8097d4f43, pid=17300, tid=0x0000000000001f74
#
# JRE version: Java(TM) SE Runtime Environment (8.0_202-b08) (build 1.8.0_202-b08)
# Java VM: Java HotSpot(TM) 64-Bit Server VM (25.202-b08 mixed mode windows-amd64 compressed oops)
# Problematic frame:
# C  [awt.dll+0x14f43]
#
# Failed to write core dump. Minidumps are not enabled by default on client versions of Windows
#
# If you would like to submit a bug report, please visit:
#   http://bugreport.java.com/bugreport/crash.jsp
# The crash happened outside the Java Virtual Machine in native code.
# See problematic frame for where to report the bug.
#

---------------  T H R E A D  ---------------

Current thread (0x000000002c12a800):  JavaThread "AWT-Windows" daemon [_thread_in_native, id=8052, stack(0x000000002c680000,0x000000002c780000)]

siginfo: ExceptionCode=0xc0000005, reading address 0x00000000287d4120

Registers:
RAX=0x0000000028783020, RBX=0x000000000000a220, RCX=0x000000002bde6e38, RDX=0x000000000000a220
RSP=0x000000002c77e8c0, RBP=0x000000002c77e9b9, RSI=0x0000000000000111, RDI=0x000000002bde6e30
R8 =0x0000000000000000, R9 =0x0000000000000000, R10=0x00007ff8098c8e08, R11=0x0000000000000001
R12=0x000000002c35eed0, R13=0x000000000000010d, R14=0x000000000000a220, R15=0x0000000000000000
RIP=0x00007ff8097d4f43, EFLAGS=0x0000000000010206

Top of Stack: (sp=0x000000002c77e8c0)
0x000000002c77e8c0:   0000000000000000 0000000000000000
0x000000002c77e8d0:   000000002c12a800 000000006809eb9f
0x000000002c77e8e0:   fffffffffffffffe 00007ff8097d5150
0x000000002c77e8f0:   000000002c12a9f8 00007ff809851ff2
0x000000002c77e900:   0000000000000000 0000000000000000
0x000000002c77e910:   0000000000000000 00007ff8098509d2
0x000000002c77e920:   000000002c35ef70 00007ff809854516
0x000000002c77e930:   000000002c35ef70 0000000000000111
0x000000002c77e940:   0000000000000001 00007ff83ee58be7
0x000000002c77e950:   000000002c77ea10 0000000000000000
0x000000002c77e960:   00007ff80985096c 0000000000000000
0x000000002c77e970:   0000000000000000 00007ff83ee56a03
0x000000002c77e980:   0000000000000001 0000000000000000
0x000000002c77e990:   0000000000000337 000000002c12a9f8
0x000000002c77e9a0:   fffffffffffffffe 000000002c35ef70
0x000000002c77e9b0:   000000000000c44e 00007ff82b36af56 

Instructions: (pc=0x00007ff8097d4f43)
0x00007ff8097d4f23:   83 ec 30 48 c7 44 24 20 fe ff ff ff 48 89 5c 24
0x00007ff8097d4f33:   40 8b da 48 8b f9 48 8b 01 ff 10 90 48 8b 47 30
0x00007ff8097d4f43:   81 3c d8 00 80 00 00 77 04 33 db eb 04 48 8b 1c
0x00007ff8097d4f53:   d8 48 8b 17 48 8b cf ff 52 10 48 8b c3 48 8b 5c 


Register to memory mapping:

RAX=0x0000000028783020 is an unknown value
RBX=0x000000000000a220 is an unknown value
RCX=0x000000002bde6e38 is an unknown value
RDX=0x000000000000a220 is an unknown value
RSP=0x000000002c77e8c0 is pointing into the stack for thread: 0x000000002c12a800
RBP=0x000000002c77e9b9 is pointing into the stack for thread: 0x000000002c12a800
RSI=0x0000000000000111 is an unknown value
RDI=0x000000002bde6e30 is an unknown value
R8 =0x0000000000000000 is an unknown value
R9 =0x0000000000000000 is an unknown value
R10=0x00007ff8098c8e08 is an unknown value
R11=0x0000000000000001 is an unknown value
R12=0x000000002c35eed0 is an unknown value
R13=0x000000000000010d is an unknown value
R14=0x000000000000a220 is an unknown value
R15=0x0000000000000000 is an unknown value


Stack: [0x000000002c680000,0x000000002c780000],  sp=0x000000002c77e8c0,  free space=1018k
Native frames: (J=compiled Java code, j=interpreted, Vv=VM code, C=native code)
C  [awt.dll+0x14f43]
C  [awt.dll+0x91ff2]
C  [awt.dll+0x94516]
C  [awt.dll+0xd48cd]
C  [awt.dll+0xa7f7f]
C  [awt.dll+0x909d2]
C  [USER32.dll+0xc906]
C  [USER32.dll+0xc1eb]
C  [awt.dll+0x15150]
C  [COMCTL32.dll+0x5b0da]
C  [COMCTL32.dll+0x5aef2]
C  [USER32.dll+0xc906]
C  [USER32.dll+0xc422]
C  [awt.dll+0xcd32c]
C  [awt.dll+0xcd5db]
C  0x0000000002ee8c67

Java frames: (J=compiled Java code, j=interpreted, Vv=VM code)
j  sun.awt.windows.WToolkit.eventLoop()V+0
j  sun.awt.windows.WToolkit.run()V+58
j  java.lang.Thread.run()V+11
v  ~StubRoutines::call_stub

---------------  P R O C E S S  ---------------

Java Threads: ( => current thread )
  0x000000002eb59000 JavaThread "TimerQueue" daemon [_thread_blocked, id=8792, stack(0x0000000030370000,0x0000000030470000)]
  0x000000002e858000 JavaThread "MultiThreadedHttpConnectionManager cleanup" daemon [_thread_blocked, id=1296, stack(0x000000002fb70000,0x000000002fc70000)]
  0x0000000002dd2800 JavaThread "DestroyJavaVM" [_thread_blocked, id=15328, stack(0x0000000002cd0000,0x0000000002dd0000)]
  0x000000002c12b800 JavaThread "AWT-EventQueue-0" [_thread_blocked, id=20936, stack(0x000000002c8d0000,0x000000002c9d0000)]
=>0x000000002c12a800 JavaThread "AWT-Windows" daemon [_thread_in_native, id=8052, stack(0x000000002c680000,0x000000002c780000)]
  0x000000002c129800 JavaThread "AWT-Shutdown" [_thread_blocked, id=6148, stack(0x000000002c580000,0x000000002c680000)]
  0x000000002c129000 JavaThread "Java2D Disposer" daemon [_thread_blocked, id=11376, stack(0x000000002c480000,0x000000002c580000)]
  0x0000000028894800 JavaThread "Service Thread" daemon [_thread_blocked, id=16976, stack(0x000000002ba80000,0x000000002bb80000)]
  0x00000000287b8800 JavaThread "C1 CompilerThread11" daemon [_thread_blocked, id=18888, stack(0x000000002b980000,0x000000002ba80000)]
  0x00000000287b7000 JavaThread "C1 CompilerThread10" daemon [_thread_blocked, id=11660, stack(0x000000002b880000,0x000000002b980000)]
  0x00000000287b6800 JavaThread "C1 CompilerThread9" daemon [_thread_blocked, id=5048, stack(0x000000002b780000,0x000000002b880000)]
  0x00000000287b9800 JavaThread "C1 CompilerThread8" daemon [_thread_blocked, id=14876, stack(0x000000002b680000,0x000000002b780000)]
  0x00000000287b4000 JavaThread "C2 CompilerThread7" daemon [_thread_blocked, id=23476, stack(0x000000002b580000,0x000000002b680000)]
  0x00000000287b5000 JavaThread "C2 CompilerThread6" daemon [_thread_blocked, id=1244, stack(0x000000002b480000,0x000000002b580000)]
  0x00000000287b3800 JavaThread "C2 CompilerThread5" daemon [_thread_blocked, id=15572, stack(0x000000002b280000,0x000000002b380000)]
  0x00000000287b5800 JavaThread "C2 CompilerThread4" daemon [_thread_blocked, id=6496, stack(0x000000002b180000,0x000000002b280000)]
  0x00000000287b1800 JavaThread "C2 CompilerThread3" daemon [_thread_blocked, id=15416, stack(0x000000002b080000,0x000000002b180000)]
  0x00000000287a7000 JavaThread "C2 CompilerThread2" daemon [_thread_blocked, id=22008, stack(0x000000002af80000,0x000000002b080000)]
  0x000000002874e000 JavaThread "C2 CompilerThread1" daemon [_thread_blocked, id=10800, stack(0x000000002ae80000,0x000000002af80000)]
  0x00000000267ce000 JavaThread "C2 CompilerThread0" daemon [_thread_blocked, id=21524, stack(0x000000002ad80000,0x000000002ae80000)]
  0x00000000267cd000 JavaThread "Attach Listener" daemon [_thread_blocked, id=11480, stack(0x000000002ac80000,0x000000002ad80000)]
  0x00000000287a2000 JavaThread "Signal Dispatcher" daemon [_thread_blocked, id=16236, stack(0x000000002ab80000,0x000000002ac80000)]
  0x000000002873b000 JavaThread "Finalizer" daemon [_thread_blocked, id=13776, stack(0x000000002aa80000,0x000000002ab80000)]
  0x00000000267b5800 JavaThread "Reference Handler" daemon [_thread_blocked, id=22844, stack(0x000000002a980000,0x000000002aa80000)]

Other Threads:
  0x00000000267b1000 VMThread [stack: 0x000000002a880000,0x000000002a980000] [id=7484]
  0x00000000288c7000 WatcherThread [stack: 0x000000002bb80000,0x000000002bc80000] [id=19420]

VM state:not at safepoint (normal execution)

VM Mutex/Monitor currently owned by a thread: None

heap address: 0x00000005c2800000, size: 8152 MB, Compressed Oops mode: Zero based, Oop shift amount: 3
Narrow klass base: 0x0000000000000000, Narrow klass shift: 3
Compressed class space size: 1073741824 Address: 0x00000007c0000000

Heap:
 PSYoungGen      total 152576K, used 62809K [0x0000000716300000, 0x0000000720d00000, 0x00000007c0000000)
  eden space 131072K, 47% used [0x0000000716300000,0x000000071a0566d8,0x000000071e300000)
  from space 21504K, 0% used [0x000000071f800000,0x000000071f800000,0x0000000720d00000)
  to   space 21504K, 0% used [0x000000071e300000,0x000000071e300000,0x000000071f800000)
 ParOldGen       total 212992K, used 9302K [0x00000005c2800000, 0x00000005cf800000, 0x0000000716300000)
  object space 212992K, 4% used [0x00000005c2800000,0x00000005c3115960,0x00000005cf800000)
 Metaspace       used 23386K, capacity 23680K, committed 23984K, reserved 1071104K
  class space    used 2776K, capacity 2888K, committed 2992K, reserved 1048576K

Card table byte_map: [0x0000000012290000,0x0000000013280000] byte_map_base: 0x000000000f47c000

Marking Bits: (ParMarkBitMap*) 0x0000000068785ce0
 Begin Bits: [0x0000000014f20000, 0x000000001ce80000)
 End Bits:   [0x000000001ce80000, 0x0000000024de0000)

Polling page: 0x0000000000850000

CodeCache: size=245760Kb used=11189Kb max_used=11232Kb free=234570Kb
 bounds [0x0000000002ed0000, 0x0000000003a40000, 0x0000000011ed0000]
 total_blobs=3218 nmethods=2643 adapters=484
 compilation: enabled

Compilation events (10 events):
Event: 371.875 Thread 0x00000000287b9800 2850       3       sun.java2d.SunGraphics2D::drawImage (11 bytes)
Event: 371.875 Thread 0x00000000287b9800 nmethod 2850 0x0000000003479510 code [0x0000000003479680, 0x0000000003479888]
Event: 371.904 Thread 0x00000000287b7000 2851       3       sun.java2d.SunGraphics2D::create (8 bytes)
Event: 371.905 Thread 0x00000000287b7000 nmethod 2851 0x0000000003228550 code [0x00000000032286c0, 0x00000000032289a8]
Event: 372.006 Thread 0x00000000287b5800 2852       4       java.awt.AlphaComposite::getAlpha (5 bytes)
Event: 372.007 Thread 0x00000000287b5800 nmethod 2852 0x0000000003725250 code [0x0000000003725380, 0x00000000037253d8]
Event: 372.421 Thread 0x00000000287b8800 2853       3       java.awt.Component::getBackground (29 bytes)
Event: 372.421 Thread 0x00000000287b8800 nmethod 2853 0x00000000031b3a50 code [0x00000000031b3bc0, 0x00000000031b3e88]
Event: 372.467 Thread 0x00000000287b6800 2854       3       java.awt.Rectangle::translate (197 bytes)
Event: 372.468 Thread 0x00000000287b6800 nmethod 2854 0x000000000327d010 code [0x000000000327d180, 0x000000000327d610]

GC Heap History (6 events):
Event: 0.748 GC heap before
{Heap before GC invocations=1 (full 0):
 PSYoungGen      total 152576K, used 131072K [0x0000000716300000, 0x0000000720d00000, 0x00000007c0000000)
  eden space 131072K, 100% used [0x0000000716300000,0x000000071e300000,0x000000071e300000)
  from space 21504K, 0% used [0x000000071f800000,0x000000071f800000,0x0000000720d00000)
  to   space 21504K, 0% used [0x000000071e300000,0x000000071e300000,0x000000071f800000)
 ParOldGen       total 348160K, used 0K [0x00000005c2800000, 0x00000005d7c00000, 0x0000000716300000)
  object space 348160K, 0% used [0x00000005c2800000,0x00000005c2800000,0x00000005d7c00000)
 Metaspace       used 10655K, capacity 10822K, committed 11136K, reserved 1058816K
  class space    used 1234K, capacity 1306K, committed 1408K, reserved 1048576K
Event: 0.755 GC heap after
Heap after GC invocations=1 (full 0):
 PSYoungGen      total 152576K, used 4174K [0x0000000716300000, 0x0000000720d00000, 0x00000007c0000000)
  eden space 131072K, 0% used [0x0000000716300000,0x0000000716300000,0x000000071e300000)
  from space 21504K, 19% used [0x000000071e300000,0x000000071e713930,0x000000071f800000)
  to   space 21504K, 0% used [0x000000071f800000,0x000000071f800000,0x0000000720d00000)
 ParOldGen       total 348160K, used 8K [0x00000005c2800000, 0x00000005d7c00000, 0x0000000716300000)
  object space 348160K, 0% used [0x00000005c2800000,0x00000005c2802000,0x00000005d7c00000)
 Metaspace       used 10655K, capacity 10822K, committed 11136K, reserved 1058816K
  class space    used 1234K, capacity 1306K, committed 1408K, reserved 1048576K
}
Event: 4.117 GC heap before
{Heap before GC invocations=2 (full 0):
 PSYoungGen      total 152576K, used 53353K [0x0000000716300000, 0x0000000720d00000, 0x00000007c0000000)
  eden space 131072K, 37% used [0x0000000716300000,0x0000000719306bf0,0x000000071e300000)
  from space 21504K, 19% used [0x000000071e300000,0x000000071e713930,0x000000071f800000)
  to   space 21504K, 0% used [0x000000071f800000,0x000000071f800000,0x0000000720d00000)
 ParOldGen       total 348160K, used 8K [0x00000005c2800000, 0x00000005d7c00000, 0x0000000716300000)
  object space 348160K, 0% used [0x00000005c2800000,0x00000005c2802000,0x00000005d7c00000)
 Metaspace       used 20831K, capacity 21100K, committed 21296K, reserved 1069056K
  class space    used 2458K, capacity 2564K, committed 2608K, reserved 1048576K
Event: 4.129 GC heap after
Heap after GC invocations=2 (full 0):
 PSYoungGen      total 152576K, used 9852K [0x0000000716300000, 0x0000000720d00000, 0x00000007c0000000)
  eden space 131072K, 0% used [0x0000000716300000,0x0000000716300000,0x000000071e300000)
  from space 21504K, 45% used [0x000000071f800000,0x000000072019f070,0x0000000720d00000)
  to   space 21504K, 0% used [0x000000071e300000,0x000000071e300000,0x000000071f800000)
 ParOldGen       total 348160K, used 51K [0x00000005c2800000, 0x00000005d7c00000, 0x0000000716300000)
  object space 348160K, 0% used [0x00000005c2800000,0x00000005c280cc50,0x00000005d7c00000)
 Metaspace       used 20831K, capacity 21100K, committed 21296K, reserved 1069056K
  class space    used 2458K, capacity 2564K, committed 2608K, reserved 1048576K
}
Event: 4.129 GC heap before
{Heap before GC invocations=3 (full 1):
 PSYoungGen      total 152576K, used 9852K [0x0000000716300000, 0x0000000720d00000, 0x00000007c0000000)
  eden space 131072K, 0% used [0x0000000716300000,0x0000000716300000,0x000000071e300000)
  from space 21504K, 45% used [0x000000071f800000,0x000000072019f070,0x0000000720d00000)
  to   space 21504K, 0% used [0x000000071e300000,0x000000071e300000,0x000000071f800000)
 ParOldGen       total 348160K, used 51K [0x00000005c2800000, 0x00000005d7c00000, 0x0000000716300000)
  object space 348160K, 0% used [0x00000005c2800000,0x00000005c280cc50,0x00000005d7c00000)
 Metaspace       used 20831K, capacity 21100K, committed 21296K, reserved 1069056K
  class space    used 2458K, capacity 2564K, committed 2608K, reserved 1048576K
Event: 4.159 GC heap after
Heap after GC invocations=3 (full 1):
 PSYoungGen      total 152576K, used 0K [0x0000000716300000, 0x0000000720d00000, 0x00000007c0000000)
  eden space 131072K, 0% used [0x0000000716300000,0x0000000716300000,0x000000071e300000)
  from space 21504K, 0% used [0x000000071f800000,0x000000071f800000,0x0000000720d00000)
  to   space 21504K, 0% used [0x000000071e300000,0x000000071e300000,0x000000071f800000)
 ParOldGen       total 212992K, used 9302K [0x00000005c2800000, 0x00000005cf800000, 0x0000000716300000)
  object space 212992K, 4% used [0x00000005c2800000,0x00000005c3115960,0x00000005cf800000)
 Metaspace       used 20831K, capacity 21100K, committed 21296K, reserved 1069056K
  class space    used 2458K, capacity 2564K, committed 2608K, reserved 1048576K
}

Deoptimization events (10 events):
Event: 371.779 Thread 0x000000002c12b800 Uncommon trap: reason=class_check action=maybe_recompile pc=0x0000000003939280 method=java.awt.EventQueue.dispatchEventImpl(Ljava/awt/AWTEvent;Ljava/lang/Object;)V @ 6
Event: 371.779 Thread 0x000000002c12b800 Uncommon trap: reason=class_check action=maybe_recompile pc=0x00000000038d5824 method=java.awt.EventQueue.setCurrentEventAndMostRecentTimeImpl(Ljava/awt/AWTEvent;)V @ 128
Event: 371.867 Thread 0x000000002c12b800 Uncommon trap: reason=bimorphic action=maybe_recompile pc=0x0000000003937c54 method=java.awt.event.InvocationEvent.dispatch()V @ 47
Event: 371.874 Thread 0x000000002c12b800 Uncommon trap: reason=unstable_if action=reinterpret pc=0x0000000003895884 method=java.awt.EventQueue.getNextEventPrivate()Ljava/awt/AWTEvent; @ 45
Event: 371.874 Thread 0x000000002c12b800 Uncommon trap: reason=bimorphic action=maybe_recompile pc=0x0000000003937c54 method=java.awt.event.InvocationEvent.dispatch()V @ 47
Event: 371.874 Thread 0x000000002c12b800 Uncommon trap: reason=null_check action=make_not_entrant pc=0x0000000003905e94 method=javax.swing.RepaintManager.getVolatileOffscreenBuffer(Ljava/awt/Component;II)Ljava/awt/Image; @ 172
Event: 371.875 Thread 0x000000002c12b800 Uncommon trap: reason=unstable_if action=reinterpret pc=0x0000000003954cd0 method=sun.java2d.SunGraphics2D.setComposite(Ljava/awt/Composite;)V @ 77
Event: 371.875 Thread 0x000000002c12b800 Uncommon trap: reason=unstable_if action=reinterpret pc=0x000000000389a704 method=sun.java2d.SunGraphics2D.validateColor()V @ 38
Event: 371.875 Thread 0x000000002c12b800 Uncommon trap: reason=unstable_if action=reinterpret pc=0x00000000038b0c58 method=sun.java2d.SurfaceData.canRenderParallelograms(Lsun/java2d/SunGraphics2D;)Z @ 91
Event: 371.875 Thread 0x000000002c12b800 Uncommon trap: reason=unstable_if action=reinterpret pc=0x00000000038dbf50 method=sun.awt.image.SurfaceManager.getCacheData(Ljava/lang/Object;)Ljava/lang/Object; @ 4

Classes redefined (0 events):
No events

Internal exceptions (10 events):
Event: 2.576 Thread 0x000000002c12b800 Exception <a 'java/io/FileNotFoundException'> (0x00000007182d6c20) thrown at [C:\re\workspace\8-2-build-windows-amd64-cygwin\jdk8u202\12323\hotspot\src\share\vm\prims\jni.cpp, line 710]
Event: 2.619 Thread 0x000000002c12b800 Implicit null exception at 0x0000000003283119 to 0x00000000032834d5
Event: 2.619 Thread 0x000000002c12b800 Implicit null exception at 0x0000000003276656 to 0x00000000032769f9
Event: 2.638 Thread 0x000000002c12b800 Exception <a 'java/io/FileNotFoundException'> (0x00000007183b03f8) thrown at [C:\re\workspace\8-2-build-windows-amd64-cygwin\jdk8u202\12323\hotspot\src\share\vm\prims\jni.cpp, line 710]
Event: 2.670 Thread 0x000000002c12b800 Exception <a 'java/io/FileNotFoundException'> (0x000000071855ea38) thrown at [C:\re\workspace\8-2-build-windows-amd64-cygwin\jdk8u202\12323\hotspot\src\share\vm\prims\jni.cpp, line 710]
Event: 2.670 Thread 0x000000002c12b800 Exception <a 'java/lang/NullPointerException'> (0x000000071855f070) thrown at [C:\re\workspace\8-2-build-windows-amd64-cygwin\jdk8u202\12323\hotspot\src\share\vm\interpreter\linkResolver.cpp, line 1185]
Event: 4.173 Thread 0x000000002ea7f800 Implicit null exception at 0x00000000036727cf to 0x00000000036738fd
Event: 370.594 Thread 0x000000002c12b800 Implicit null exception at 0x00000000039ad41b to 0x00000000039b589d
Event: 370.600 Thread 0x000000002c12b800 Implicit null exception at 0x00000000038985bd to 0x0000000003898711
Event: 371.874 Thread 0x000000002c12b800 Implicit null exception at 0x0000000003902c92 to 0x0000000003905df9

Events (10 events):
Event: 371.875 Thread 0x000000002c12b800 DEOPT UNPACKING pc=0x0000000002f1583b sp=0x000000002c9ccbe8 mode 2
Event: 371.875 Thread 0x000000002c12b800 Uncommon trap: trap_request=0xffffff65 fr.pc=0x000000000389a704
Event: 371.875 Thread 0x000000002c12b800 DEOPT PACKING pc=0x000000000389a704 sp=0x000000002c9ccbe0
Event: 371.875 Thread 0x000000002c12b800 DEOPT UNPACKING pc=0x0000000002f1583b sp=0x000000002c9ccb68 mode 2
Event: 371.875 Thread 0x000000002c12b800 Uncommon trap: trap_request=0xffffff65 fr.pc=0x00000000038b0c58
Event: 371.875 Thread 0x000000002c12b800 DEOPT PACKING pc=0x00000000038b0c58 sp=0x000000002c9ccb80
Event: 371.875 Thread 0x000000002c12b800 DEOPT UNPACKING pc=0x0000000002f1583b sp=0x000000002c9ccb08 mode 2
Event: 371.875 Thread 0x000000002c12b800 Uncommon trap: trap_request=0xffffff65 fr.pc=0x00000000038dbf50
Event: 371.875 Thread 0x000000002c12b800 DEOPT PACKING pc=0x00000000038dbf50 sp=0x000000002c9ccd40
Event: 371.875 Thread 0x000000002c12b800 DEOPT UNPACKING pc=0x0000000002f1583b sp=0x000000002c9cca80 mode 2


Dynamic libraries:
0x00007ff72fe70000 - 0x00007ff72fea7000 	C:\Program Files\MATLAB\R2019b\sys\java\jre\win64\jre\bin\java.exe
0x00007ff83ee10000 - 0x00007ff83effd000 	C:\Windows\SYSTEM32\ntdll.dll
0x00007ff83c860000 - 0x00007ff83c913000 	C:\Windows\System32\KERNEL32.DLL
0x00007ff83ba80000 - 0x00007ff83bd13000 	C:\Windows\System32\KERNELBASE.dll
0x00007ff83ecc0000 - 0x00007ff83ed63000 	C:\Windows\System32\ADVAPI32.dll
0x00007ff83c050000 - 0x00007ff83c0ee000 	C:\Windows\System32\msvcrt.dll
0x00007ff83e480000 - 0x00007ff83e51e000 	C:\Windows\System32\sechost.dll
0x00007ff83eb90000 - 0x00007ff83ecb2000 	C:\Windows\System32\RPCRT4.dll
0x00007ff83c920000 - 0x00007ff83cab7000 	C:\Windows\System32\USER32.dll
0x00007ff83b310000 - 0x00007ff83b330000 	C:\Windows\System32\win32u.dll
0x00007ff83cc20000 - 0x00007ff83cc49000 	C:\Windows\System32\GDI32.dll
0x00007ff83aed0000 - 0x00007ff83b069000 	C:\Windows\System32\gdi32full.dll
0x00007ff83b250000 - 0x00007ff83b2f0000 	C:\Windows\System32\msvcp_win.dll
0x00007ff83b150000 - 0x00007ff83b24a000 	C:\Windows\System32\ucrtbase.dll
0x00007ff82b310000 - 0x00007ff82b589000 	C:\Windows\WinSxS\amd64_microsoft.windows.common-controls_6595b64144ccf1df_6.0.17763.914_none_05b346b2072102f2\COMCTL32.dll
0x00007ff83c150000 - 0x00007ff83c47c000 	C:\Windows\System32\combase.dll
0x00007ff83bd20000 - 0x00007ff83bd9e000 	C:\Windows\System32\bcryptPrimitives.dll
0x00007ff83e9b0000 - 0x00007ff83e9de000 	C:\Windows\System32\IMM32.DLL
0x0000000068b90000 - 0x0000000068c62000 	C:\Program Files\MATLAB\R2019b\sys\java\jre\win64\jre\bin\msvcr100.dll
0x0000000067f60000 - 0x0000000068805000 	C:\Program Files\MATLAB\R2019b\sys\java\jre\win64\jre\bin\server\jvm.dll
0x00007ff83e470000 - 0x00007ff83e478000 	C:\Windows\System32\PSAPI.DLL
0x00007ff837790000 - 0x00007ff8377b4000 	C:\Windows\SYSTEM32\WINMM.dll
0x00007ff834aa0000 - 0x00007ff834aaa000 	C:\Windows\SYSTEM32\VERSION.dll
0x00007ff81dc50000 - 0x00007ff81dc59000 	C:\Windows\SYSTEM32\WSOCK32.dll
0x00007ff837760000 - 0x00007ff83778d000 	C:\Windows\SYSTEM32\winmmbase.dll
0x00007ff83ed70000 - 0x00007ff83eddd000 	C:\Windows\System32\WS2_32.dll
0x00007ff83b070000 - 0x00007ff83b0ba000 	C:\Windows\System32\cfgmgr32.dll
0x00007ff82de70000 - 0x00007ff82de7f000 	C:\Program Files\MATLAB\R2019b\sys\java\jre\win64\jre\bin\verify.dll
0x00007ff822830000 - 0x00007ff822859000 	C:\Program Files\MATLAB\R2019b\sys\java\jre\win64\jre\bin\java.dll
0x00007ff8266a0000 - 0x00007ff8266b6000 	C:\Program Files\MATLAB\R2019b\sys\java\jre\win64\jre\bin\zip.dll
0x00007ff83cec0000 - 0x00007ff83e3b4000 	C:\Windows\System32\SHELL32.dll
0x00007ff83e3c0000 - 0x00007ff83e468000 	C:\Windows\System32\shcore.dll
0x00007ff83b330000 - 0x00007ff83ba7d000 	C:\Windows\System32\windows.storage.dll
0x00007ff83ae80000 - 0x00007ff83aea4000 	C:\Windows\System32\profapi.dll
0x00007ff83ae00000 - 0x00007ff83ae5d000 	C:\Windows\System32\powrprof.dll
0x00007ff83ce00000 - 0x00007ff83ce52000 	C:\Windows\System32\shlwapi.dll
0x00007ff83ae60000 - 0x00007ff83ae71000 	C:\Windows\System32\kernel.appcore.dll
0x00007ff83b2f0000 - 0x00007ff83b307000 	C:\Windows\System32\cryptsp.dll
0x00007ff8097c0000 - 0x00007ff809959000 	C:\Program Files\MATLAB\R2019b\sys\java\jre\win64\jre\bin\awt.dll
0x00007ff83c490000 - 0x00007ff83c554000 	C:\Windows\System32\OLEAUT32.dll
0x00007ff838e30000 - 0x00007ff838ebc000 	C:\Windows\SYSTEM32\apphelp.dll
0x00007ff838f60000 - 0x00007ff838ffc000 	C:\Windows\system32\uxtheme.dll
0x00007ff83c5e0000 - 0x00007ff83c74c000 	C:\Windows\System32\MSCTF.dll
0x00007ff83cac0000 - 0x00007ff83cc15000 	C:\Windows\System32\ole32.dll
0x00007ff839470000 - 0x00007ff83949e000 	C:\Windows\system32\dwmapi.dll
0x00007ff83bda0000 - 0x00007ff83bf7b000 	C:\Windows\System32\CRYPT32.dll
0x00007ff83aeb0000 - 0x00007ff83aec2000 	C:\Windows\System32\MSASN1.dll
0x0000000180000000 - 0x0000000180009000 	C:\Program Files\MATLAB\R2019b\bin\win64\crash_analyzer_jni.dll
0x00007ff8319a0000 - 0x00007ff8319ab000 	C:\Program Files\MATLAB\R2019b\bin\win64\mwboost_system-vc141-mt-1_65_1.dll
0x00007ff803230000 - 0x00007ff8032cc000 	C:\Program Files\MATLAB\R2019b\sys\java\jre\win64\jre\bin\MSVCP140.dll
0x00007ff828070000 - 0x00007ff828086000 	C:\Program Files\MATLAB\R2019b\sys\java\jre\win64\jre\bin\VCRUNTIME140.dll
0x000000002c9d0000 - 0x000000002ca31000 	C:\Program Files\MATLAB\R2019b\bin\win64\crash_analyzer.dll
0x00007ff82c8b0000 - 0x00007ff82c8c6000 	C:\Program Files\MATLAB\R2019b\bin\win64\mwboost_iostreams-vc141-mt-1_65_1.dll
0x00000000fff00000 - 0x00000001000f7000 	C:\Program Files\MATLAB\R2019b\bin\win64\libmwi18n.dll
0x00000000ffef0000 - 0x00000000ffef9000 	C:\Program Files\MATLAB\R2019b\bin\win64\libmwresource_core.dll
0x00007ff828220000 - 0x00007ff828244000 	C:\Program Files\MATLAB\R2019b\bin\win64\mwboost_filesystem-vc141-mt-1_65_1.dll
0x00007ff82c9d0000 - 0x00007ff82c9e1000 	C:\Program Files\MATLAB\R2019b\bin\win64\mwboost_date_time-vc141-mt-1_65_1.dll
0x00007ff828480000 - 0x00007ff8284a0000 	C:\Program Files\MATLAB\R2019b\bin\win64\mwboost_thread-vc141-mt-1_65_1.dll
0x00007ff8277f0000 - 0x00007ff827819000 	C:\Program Files\MATLAB\R2019b\bin\win64\LIBEXPAT.dll
0x0000000068810000 - 0x0000000068a4c000 	C:\Program Files\MATLAB\R2019b\bin\win64\icuin61.dll
0x0000000068d90000 - 0x0000000068f10000 	C:\Program Files\MATLAB\R2019b\bin\win64\icuuc61.dll
0x00007ff82deb0000 - 0x00007ff82decb000 	C:\Windows\SYSTEM32\MPR.dll
0x0000000068d30000 - 0x0000000068d4a000 	C:\Program Files\MATLAB\R2019b\bin\win64\zlib1.dll
0x00007ff831970000 - 0x00007ff83197c000 	C:\Program Files\MATLAB\R2019b\bin\win64\mwboost_chrono-vc141-mt-1_65_1.dll
0x000000002cab0000 - 0x000000002cac9000 	C:\Program Files\MATLAB\R2019b\bin\win64\libmwcpp11compat.dll
0x000000002cad0000 - 0x000000002e475000 	C:\Program Files\MATLAB\R2019b\bin\win64\icudt61.dll
0x00007ff8219f0000 - 0x00007ff821a14000 	C:\Program Files\MATLAB\R2019b\sys\java\jre\win64\jre\bin\sunec.dll
0x00007ff824390000 - 0x00007ff8243aa000 	C:\Program Files\MATLAB\R2019b\sys\java\jre\win64\jre\bin\net.dll
0x00007ff832280000 - 0x00007ff832457000 	C:\Windows\SYSTEM32\urlmon.dll
0x00007ff830e10000 - 0x00007ff8310b8000 	C:\Windows\SYSTEM32\iertutil.dll
0x00007ff83a840000 - 0x00007ff83a84c000 	C:\Windows\SYSTEM32\CRYPTBASE.DLL
0x00007ff83a670000 - 0x00007ff83a6d7000 	C:\Windows\system32\mswsock.dll
0x00007ff83a390000 - 0x00007ff83a3cd000 	C:\Windows\SYSTEM32\IPHLPAPI.DLL
0x00007ff83e520000 - 0x00007ff83e528000 	C:\Windows\System32\NSI.dll
0x00007ff8361c0000 - 0x00007ff8361d6000 	C:\Windows\SYSTEM32\dhcpcsvc6.DLL
0x00007ff835fc0000 - 0x00007ff835fdc000 	C:\Windows\SYSTEM32\dhcpcsvc.DLL
0x00007ff83a3d0000 - 0x00007ff83a496000 	C:\Windows\SYSTEM32\DNSAPI.dll
0x00007ff822810000 - 0x00007ff822822000 	C:\Program Files\MATLAB\R2019b\sys\java\jre\win64\jre\bin\nio.dll
0x00007ff839f90000 - 0x00007ff839fc3000 	C:\Windows\system32\rsaenh.dll
0x00007ff83b0c0000 - 0x00007ff83b0e6000 	C:\Windows\System32\bcrypt.dll
0x00007ff83ad30000 - 0x00007ff83ad58000 	C:\Windows\SYSTEM32\USERENV.dll
0x00007ff82cbe0000 - 0x00007ff82cbeb000 	C:\Program Files\MATLAB\R2019b\sys\java\jre\win64\jre\bin\sunmscapi.dll
0x000000006a420000 - 0x000000006a446000 	C:\Program Files\Bonjour\mdnsNSP.dll
0x00007ff832590000 - 0x00007ff83259a000 	C:\Windows\System32\rasadhlp.dll
0x00007ff833360000 - 0x00007ff8333d9000 	C:\Windows\System32\fwpuclnt.dll
0x00007ffff54f0000 - 0x00007ffff5617000 	C:\Windows\system32\opengl32.dll
0x00007ff800060000 - 0x00007ff80008c000 	C:\Windows\SYSTEM32\GLU32.dll
0x00007ff820f60000 - 0x00007ff820fa7000 	C:\Program Files\MATLAB\R2019b\sys\java\jre\win64\jre\bin\fontmanager.dll
0x00007ff81f880000 - 0x00007ff81f8c2000 	C:\Program Files\MATLAB\R2019b\sys\java\jre\win64\jre\bin\t2k.dll
0x00007ff83c7b0000 - 0x00007ff83c852000 	C:\Windows\System32\clbcatq.dll
0x00007ff834c30000 - 0x00007ff834de8000 	C:\Windows\SYSTEM32\WindowsCodecs.dll
0x00007ff8149d0000 - 0x00007ff814a26000 	C:\Windows\system32\dataexchange.dll
0x00007ff837d60000 - 0x00007ff837fde000 	C:\Windows\system32\d3d11.dll
0x00007ff8385a0000 - 0x00007ff838763000 	C:\Windows\system32\dcomp.dll
0x00007ff8398d0000 - 0x00007ff839992000 	C:\Windows\system32\dxgi.dll
0x00007ff839260000 - 0x00007ff83946d000 	C:\Windows\system32\twinapi.appcore.dll
0x00007ff8394a0000 - 0x00007ff8394c8000 	C:\Windows\system32\RMCLIENT.dll
0x00007ff831f40000 - 0x00007ff83212d000 	C:\Windows\SYSTEM32\dbghelp.dll

VM Arguments:
jvm_args: -Djava.library.path=C:\Program Files\MATLAB\R2019b/bin/win64 
java_command: com.mathworks.fatalexit.FatalExitFrame C:\Users\arnoyu\AppData\Local\Temp\matlab_crash_dump.7572-1 -segvURL https://udc-service.mathworks.com/udc/service/v1 -mweInstall C:\Program Files\MATLAB\R2019b -logfile Java Crash Report=C:\Users\arnoyu\AppData\Local\Temp\hs_error_pid7572.log -desktopOS Microsoft Windows 10 Ąř·~Ş© -desktopPlatform win64 -installationId 1730f520-86ea-4a5a-84f7-17496348f753 -machineHash 88f86a55dcaaca8786fba9dbca2131e9 -releaseFamily R2019b -sessionKey 061a60af-0f3f-49d7-b5f9-20e7299477c2 -version 9.7.0.1216025 (R2019b) Update 1 -optIn
java_class_path (initial): C:\Program Files\MATLAB\R2019b\java\jar/fatalexit.jar;C:\Program Files\MATLAB\R2019b\java\jar/crash_analyzer.jar;C:\Program Files\MATLAB\R2019b\java\jar/mlwebservices.jar;C:\Program Files\MATLAB\R2019b\java\jar/net.jar;C:\Program Files\MATLAB\R2019b\java\jar/webproxy.jar;C:\Program Files\MATLAB\R2019b\java\jarext/webservices/udc_client/udc_client.jar;C:\Program Files\MATLAB\R2019b\java\jarext/webservices/urlmanager/urlmanager.jar;C:\Program Files\MATLAB\R2019b\java\jarext/webservices/ws_client_core/mw-service-client-core.jar;C:\Program Files\MATLAB\R2019b\java\jarext/commons-cli.jar;C:\Program Files\MATLAB\R2019b\java\jarext/commons-codec.jar;C:\Program Files\MATLAB\R2019b\java\jarext/commons-io.jar;C:\Program Files\MATLAB\R2019b\java\jarext/commons-lang.jar;C:\Program Files\MATLAB\R2019b\java\jarext/commons-logging.jar;C:\Program Files\MATLAB\R2019b\java\jarext/jgoodies-looks.jar;C:\Program Files\MATLAB\R2019b\java\jarext/axis2/activation.jar;C:\Program Files\MATLAB\R2019b\java\jarext/axis2/axiom-api.jar;C:\Program Files\MATLAB\R2019b\java\jarext/axis2/axiom-impl.jar;C:\Program Files\MATLAB\R2019b\java\jarext/axis2/axis2-adb.jar;C:\Program Files\MATLAB\R2019b\java\jarext/axis2/axis2-kernel.jar;C:\Program Files\MATLAB\R2019b\java\jarext/axis2/axis2-transport-http.jar;C:\Program Files\MATLAB\R2019b\java\jarext/axis2/axis2-transport-local.jar;C:\Program Files\MATLAB\R2019b\java\jarext/axis2/commons-httpclient.jar;C:\Program Files\MATLAB\R2019b\java\jarext/axis2/geronimo-stax-api.jar;C:\Program Files\MATLAB\R2019b\java\jarext/axis2/httpcore.jar;C:\Program Files\MATLAB\R2019b\java\jarext/axis2/mail.jar;C:\Program Files\MATLAB\R2019b\java\jarext/axis2/neethi.jar;C:\Program Files\MATLAB\R2019b\java\jarext/axis2/wsdl4j.jar;C:\Program Files\MATLAB\R2019b\java\jarext/axis2/wstx-asl.jar;C:\Program Files\MATLAB\R2019b\java\jarext/axis2/XmlSchema.jar;C:\Program Files\MATLAB\R2019b\java\jar/ja_JP/fatalexit_res.jar;C:\Program Files\MATLAB\R2019b\java\
Launcher Type: SUN_STANDARD

Environment Variables:
PATH=C:\Program Files\MATLAB\R2019b\bin\win64;C:\Program Files (x86)\NetSarang\Xftp 6\;C:\Program Files (x86)\NetSarang\Xshell 6\;C:\Windows\system32;C:\Windows;C:\Windows\System32\Wbem;C:\Windows\System32\WindowsPowerShell\v1.0\;C:\Windows\System32\OpenSSH\;C:\Program Files\dotnet\;C:\Program Files\Microsoft SQL Server\130\Tools\Binn\;C:\Program Files\Microsoft SQL Server\Client SDK\ODBC\170\Tools\Binn\;C:\Program Files\MATLAB\R2019b\runtime\win64;C:\Program Files\MATLAB\R2019b\bin;C:\Users\arnoyu\AppData\Local\Microsoft\WindowsApps;
USERNAME=arnoyu
OS=Windows_NT
PROCESSOR_IDENTIFIER=Intel64 Family 6 Model 63 Stepping 2, GenuineIntel



---------------  S Y S T E M  ---------------

OS: Windows 10.0 , 64 bit Build 17763 (10.0.17763.475)

CPU:total 24 (initial active 24) (12 cores per cpu, 2 threads per core) family 6 model 63 stepping 2, cmov, cx8, fxsr, mmx, sse, sse2, sse3, ssse3, sse4.1, sse4.2, popcnt, avx, avx2, aes, clmul, erms, lzcnt, ht, tsc, tscinvbit, bmi1, bmi2

Memory: 4k page, physical 33387848k(25011548k free), swap 38368584k(25329768k free)

vm_info: Java HotSpot(TM) 64-Bit Server VM (25.202-b08) for windows-amd64 JRE (1.8.0_202-b08), built on Dec 15 2018 19:54:30 by "java_re" with MS VC++ 10.0 (VS2010)

time: Sat Dec 21 19:31:11 2019
timezone: ĄxĄ_ĽĐ·Ç®É¶ˇ
elapsed time: 379 seconds (0d 0h 6m 19s)

